<?xml version="1.0" encoding="UTF-8"?>
<testng-results ignored="0" total="2" passed="2" failed="0" skipped="0">
  <reporter-output>
  </reporter-output>
  <suite started-at="2022-11-24T20:26:26 EET" name="Default suite" finished-at="2022-11-24T20:27:36 EET" duration-ms="70760">
    <groups>
    </groups>
    <test started-at="2022-11-24T20:26:26 EET" name="Default test" finished-at="2022-11-24T20:27:36 EET" duration-ms="70760">
      <class name="smart.SmartBuy">
        <test-method is-config="true" signature="this_is_before_test()[pri:0, instance:smart.SmartBuy@4f6ee6e4]" started-at="2022-11-24T20:26:26 EET" name="this_is_before_test" finished-at="2022-11-24T20:27:34 EET" duration-ms="68637" status="PASS">
          <reporter-output>
          </reporter-output>
        </test-method> <!-- this_is_before_test -->
        <test-method signature="Test_Adding_item_SAMSUNG_50_inch()[pri:0, instance:smart.SmartBuy@4f6ee6e4]" started-at="2022-11-24T20:27:34 EET" name="Test_Adding_item_SAMSUNG_50_inch" finished-at="2022-11-24T20:27:36 EET" duration-ms="1726" status="PASS">
          <reporter-output>
          </reporter-output>
        </test-method> <!-- Test_Adding_item_SAMSUNG_50_inch -->
        <test-method signature="we_need_to_check_the_correct_price()[pri:0, instance:smart.SmartBuy@4f6ee6e4]" started-at="2022-11-24T20:27:36 EET" name="we_need_to_check_the_correct_price" finished-at="2022-11-24T20:27:36 EET" duration-ms="268" status="PASS">
          <reporter-output>
          </reporter-output>
        </test-method> <!-- we_need_to_check_the_correct_price -->
      </class> <!-- smart.SmartBuy -->
    </test> <!-- Default test -->
  </suite> <!-- Default suite -->
</testng-results>
